<?xml version="1.0" encoding="UTF-8"?>
<!-- Generated by org.testng.reporters.JUnitReportReporter -->
<testsuite skipped="0" hostname="SVRODK00096" name="TestSoftvision.DemoQA.BaseTest" tests="1" failures="0" timestamp="02 Aug 2018 12:11:29 GMT" time="0.004" errors="0">
  <testcase name="checkData" time="0.004" classname="TestSoftvision.DemoQA.BaseTest"/>
</testsuite> <!-- TestSoftvision.DemoQA.BaseTest -->
