<?xml version="1.0" encoding="UTF-8"?>
<!-- Generated by org.testng.reporters.JUnitReportReporter -->
<testsuite skipped="0" hostname="SVRODK00096" name="TestSoftvision.DemoQA.demoqacom.HomePageTest" tests="1" failures="0" timestamp="02 Aug 2018 14:30:13 GMT" time="8.615" errors="0">
  <testcase name="homePageTest" time="8.615" classname="TestSoftvision.DemoQA.demoqacom.HomePageTest"/>
</testsuite> <!-- TestSoftvision.DemoQA.demoqacom.HomePageTest -->
